2025-06-05 15:31:40,673 [INFO] Activator:176 - 


2025-06-05 15:31:40,675 [INFO] Activator:177 - !SESSION log4j initialized
2025-06-05 15:31:42,557 [INFO] LogOutputStream:77 - [STDOUT_REDIRECT] 
2025-06-05 15:31:42,888 [ERROR] ConfigurationRetriever:142 - IOException on connection: sw-center.st.com
2025-06-05 15:31:42,890 [ERROR] ConfigurationRetriever:142 - IOException on connection: sw-center.st.com
2025-06-05 15:31:42,891 [ERROR] ConfigurationRetriever:142 - IOException on connection: sw-center.st.com
2025-06-05 15:31:45,349 [INFO] ApplicationProperties:184 - Using Application install path: C:\ST\STM32CubeIDE_1.17.0\STM32CubeIDE\plugins\com.st.stm32cube.common.mx_6.13.0.202411220809
2025-06-05 15:31:45,365 [INFO] DbMcusXml:78 - Set database path to: C:\ST\STM32CubeIDE_1.17.0\STM32CubeIDE\plugins\com.st.stm32cube.common.mx_6.13.0.202411220809\\db\/mcu/
2025-06-05 15:31:45,366 [INFO] ApiDb:274 - Set plugin database path to: C:\ST\STM32CubeIDE_1.17.0\STM32CubeIDE\plugins\com.st.stm32cube.common.mx_6.13.0.202411220809\\db\/plugins/boardmanager/
2025-06-05 15:31:45,366 [WARN] ApiDb:259 - Overriding images path with different value:  => C:\ST\STM32CubeIDE_1.17.0\STM32CubeIDE\plugins\com.st.stm32cube.common.mx_6.13.0.202411220809\\db\/plugins/mcufinder/images/
2025-06-05 15:31:45,373 [INFO] ApiDb:250 - Set database path to: C:\Users\Admin\.stmcufinder\plugins\mcufinder//mcu/
2025-06-05 15:31:45,375 [INFO] DbMcusAds:125 - Set database path to: C:\Users\Admin\.stmcufinder\plugins\mcufinder//mcu/
2025-06-05 15:31:45,377 [INFO] CrossReferenceDbSqlite:203 - Set database path to: C:\Users\Admin\.stmcufinder\plugins\mcufinder//mcu/cs/
2025-06-05 15:31:45,483 [INFO] RulesReader:64 - Compatibility file has been processed (297 Rules)
2025-06-05 15:31:45,568 [INFO] DbMcusXml:78 - Set database path to: C:\ST\STM32CubeIDE_1.17.0\STM32CubeIDE\plugins\com.st.stm32cube.common.mx_6.13.0.202411220809\\db\/mcu/
2025-06-05 15:31:45,568 [INFO] ApiDb:274 - Set plugin database path to: C:\ST\STM32CubeIDE_1.17.0\STM32CubeIDE\plugins\com.st.stm32cube.common.mx_6.13.0.202411220809\\db\/plugins/boardmanager/
2025-06-05 15:31:45,569 [INFO] ApiDb:261 - Set plugin images path to: C:\ST\STM32CubeIDE_1.17.0\STM32CubeIDE\plugins\com.st.stm32cube.common.mx_6.13.0.202411220809\\db\/plugins/mcufinder/images/
2025-06-05 15:31:45,569 [WARN] DbFile:41 - Overriding database path with different value: C:\Users\Admin\.stmcufinder\plugins\mcufinder/ => C:\Users\Admin\.stmcufinder\plugins\mcufinder
2025-06-05 15:31:45,569 [INFO] ApiDb:250 - Set database path to: C:\Users\Admin\.stmcufinder\plugins\mcufinder//mcu/
2025-06-05 15:31:45,569 [WARN] DbFile:41 - Overriding database path with different value: C:\Users\Admin\.stmcufinder\plugins\mcufinder/ => C:\Users\Admin\.stmcufinder\plugins\mcufinder
2025-06-05 15:31:45,569 [INFO] DbMcusAds:125 - Set database path to: C:\Users\Admin\.stmcufinder\plugins\mcufinder//mcu/
2025-06-05 15:31:45,569 [WARN] DbFile:41 - Overriding database path with different value: C:\Users\Admin\.stmcufinder\plugins\mcufinder/ => C:\Users\Admin\.stmcufinder\plugins\mcufinder
2025-06-05 15:31:45,569 [WARN] DbFile:41 - Overriding database path with different value: C:\Users\Admin\.stmcufinder\plugins\mcufinder/ => C:\Users\Admin\.stmcufinder\plugins\mcufinder
2025-06-05 15:31:45,569 [INFO] CrossReferenceDbSqlite:203 - Set database path to: C:\Users\Admin\.stmcufinder\plugins\mcufinder//mcu/cs/
2025-06-05 15:31:45,641 [INFO] MainPanel:272 - HeapMemory: 268435456
2025-06-05 15:31:45,727 [INFO] DbMcusXml:78 - Set database path to: C:\ST\STM32CubeIDE_1.17.0\STM32CubeIDE\plugins\com.st.stm32cube.common.mx_6.13.0.202411220809\\db\/mcu/
2025-06-05 15:31:45,727 [INFO] ApiDb:274 - Set plugin database path to: C:\ST\STM32CubeIDE_1.17.0\STM32CubeIDE\plugins\com.st.stm32cube.common.mx_6.13.0.202411220809\\db\/plugins/boardmanager/
2025-06-05 15:31:45,727 [INFO] ApiDb:261 - Set plugin images path to: C:\ST\STM32CubeIDE_1.17.0\STM32CubeIDE\plugins\com.st.stm32cube.common.mx_6.13.0.202411220809\\db\/plugins/mcufinder/images/
2025-06-05 15:31:45,727 [WARN] DbFile:41 - Overriding database path with different value: C:\Users\Admin\.stmcufinder\plugins\mcufinder/ => C:\Users\Admin\.stmcufinder\plugins\mcufinder
2025-06-05 15:31:45,727 [INFO] ApiDb:250 - Set database path to: C:\Users\Admin\.stmcufinder\plugins\mcufinder//mcu/
2025-06-05 15:31:45,727 [WARN] DbFile:41 - Overriding database path with different value: C:\Users\Admin\.stmcufinder\plugins\mcufinder/ => C:\Users\Admin\.stmcufinder\plugins\mcufinder
2025-06-05 15:31:45,728 [INFO] DbMcusAds:125 - Set database path to: C:\Users\Admin\.stmcufinder\plugins\mcufinder//mcu/
2025-06-05 15:31:45,728 [WARN] DbFile:41 - Overriding database path with different value: C:\Users\Admin\.stmcufinder\plugins\mcufinder/ => C:\Users\Admin\.stmcufinder\plugins\mcufinder
2025-06-05 15:31:45,728 [WARN] DbFile:41 - Overriding database path with different value: C:\Users\Admin\.stmcufinder\plugins\mcufinder/ => C:\Users\Admin\.stmcufinder\plugins\mcufinder
2025-06-05 15:31:45,728 [INFO] CrossReferenceDbSqlite:203 - Set database path to: C:\Users\Admin\.stmcufinder\plugins\mcufinder//mcu/cs/
2025-06-05 15:31:45,751 [INFO] ApplicationProperties:184 - Using Application install path: C:\ST\STM32CubeIDE_1.17.0\STM32CubeIDE\plugins\com.st.stm32cube.common.mx_6.13.0.202411220809
2025-06-05 15:31:45,753 [INFO] PluginManage:196 - Search for loadable plugins [exclusion list=, ]
2025-06-05 15:31:45,754 [INFO] PluginManage:310 - Check plugin analytics
2025-06-05 15:31:45,904 [ERROR] ConfigurationRetriever:142 - IOException on connection: sw-center.st.com
2025-06-05 15:31:45,905 [ERROR] ConfigurationRetriever:142 - IOException on connection: sw-center.st.com
2025-06-05 15:31:45,905 [ERROR] ConfigurationRetriever:142 - IOException on connection: sw-center.st.com
2025-06-05 15:31:45,957 [INFO] AnalyticsPlugin:253 - Accepted Software Licenses: STM32CubeMX.6.11.1,STM32CubeMX.6.12.1
2025-06-05 15:31:45,958 [INFO] AnalyticsPlugin:255 - Accepted CMSIS Pack Licenses: EdgeImpulse.Reconquista.1.0.41,EdgeImpulse.Reconquista.1.0.43
2025-06-05 15:31:45,958 [INFO] AnalyticsPlugin:257 - Accepted Firmware Licenses: FW.F4.1.27.0,FW.H7.1.11.0,FW.G4.1.5.0,FW.F4.1.28.0,FW.H5.1.4.0
2025-06-05 15:31:45,961 [INFO] PluginManage:359 - Loaded plugin analytics (category:tool,tabindex:-1)
2025-06-05 15:31:45,961 [ERROR] ConfigurationRetriever:142 - IOException on connection: sw-center.st.com
2025-06-05 15:31:45,962 [INFO] PluginManage:310 - Check plugin cadmodel
2025-06-05 15:31:45,963 [ERROR] ConfigurationRetriever:142 - IOException on connection: sw-center.st.com
2025-06-05 15:31:45,964 [ERROR] ConfigurationRetriever:142 - IOException on connection: sw-center.st.com
2025-06-05 15:31:45,969 [INFO] CADModel:105 - Init CAD model plugin
2025-06-05 15:31:45,969 [INFO] PluginManage:359 - Loaded plugin cadmodel (category:power,tabindex:5)
2025-06-05 15:31:45,970 [INFO] PluginManage:310 - Check plugin clock
2025-06-05 15:31:45,984 [INFO] PluginManage:359 - Loaded plugin clock (category:base,tabindex:2)
2025-06-05 15:31:45,984 [INFO] PluginManage:310 - Check plugin ddr
2025-06-05 15:31:45,988 [INFO] PluginManage:359 - Loaded plugin ddr (category:tool,tabindex:6)
2025-06-05 15:31:45,989 [INFO] PluginManage:310 - Check plugin filemanager
2025-06-05 15:31:46,172 [INFO] PluginManage:359 - Loaded plugin filemanager (category:base,tabindex:10)
2025-06-05 15:31:46,172 [INFO] PluginManage:310 - Check plugin ipmanager
2025-06-05 15:31:46,180 [INFO] PluginManage:359 - Loaded plugin ipmanager (category:base,tabindex:5)
2025-06-05 15:31:46,180 [INFO] PluginManage:310 - Check plugin lpbam
2025-06-05 15:31:46,215 [INFO] PluginManage:359 - Loaded plugin lpbam (category:base,tabindex:0)
2025-06-05 15:31:46,216 [INFO] PluginManage:310 - Check plugin memorymap
2025-06-05 15:31:46,245 [INFO] PluginManage:359 - Loaded plugin memorymap (category:base,tabindex:4)
2025-06-05 15:31:46,246 [INFO] PluginManage:310 - Check plugin pinoutandconfiguration
2025-06-05 15:31:46,260 [INFO] PluginManage:359 - Loaded plugin pinoutandconfiguration (category:base,tabindex:1)
2025-06-05 15:31:46,260 [INFO] PluginManage:310 - Check plugin pinoutconfig
2025-06-05 15:31:46,413 [WARN] SupportedApi:132 - Cannot load RTOS API schema: s4s-elt-must-match.1: The content of 'definitions' must match (annotation?, (simpleType | complexType)?, (unique | key | keyref)*)). A problem was found starting at: attribute.
2025-06-05 15:31:46,598 [INFO] PluginManage:359 - Loaded plugin pinoutconfig (category:base,tabindex:0)
2025-06-05 15:31:46,598 [INFO] PluginManage:310 - Check plugin power
2025-06-05 15:31:46,612 [INFO] PluginManage:359 - Loaded plugin power (category:power,tabindex:4)
2025-06-05 15:31:46,612 [INFO] PluginManage:310 - Check plugin projectmanager
2025-06-05 15:31:46,640 [INFO] PluginManage:359 - Loaded plugin projectmanager (category:projectmanager,tabindex:4)
2025-06-05 15:31:46,640 [INFO] PluginManage:310 - Check plugin rif
2025-06-05 15:31:46,650 [INFO] PluginManage:359 - Loaded plugin rif (category:base,tabindex:3)
2025-06-05 15:31:46,651 [INFO] PluginManage:310 - Check plugin thirdparty
2025-06-05 15:31:46,835 [INFO] PluginManage:359 - Loaded plugin thirdparty (category:base,tabindex:-1)
2025-06-05 15:31:46,834 [WARN] IntegrityCheckThread:84 - waiting for thirdparty lock release [integrity check]
2025-06-05 15:31:46,835 [INFO] PluginManage:310 - Check plugin tools
2025-06-05 15:31:46,835 [INFO] IntegrityCheckThread:86 - entering critical section [integrity check]
2025-06-05 15:31:46,835 [INFO] ThirdPartyUpdaterWithRetryManager:70 - Updater plugin not ready yet. [1/15]
2025-06-05 15:31:46,838 [INFO] PluginManage:359 - Loaded plugin tools (category:base,tabindex:7)
2025-06-05 15:31:46,839 [INFO] PluginManage:310 - Check plugin tutovideos
2025-06-05 15:31:47,029 [INFO] PluginManage:359 - Loaded plugin tutovideos (category:base,tabindex:-1)
2025-06-05 15:31:47,030 [INFO] PluginManage:310 - Check plugin updater
2025-06-05 15:31:47,059 [INFO] PluginManage:359 - Loaded plugin updater (category:base,tabindex:12)
2025-06-05 15:31:47,061 [INFO] PluginManage:310 - Check plugin userauth
2025-06-05 15:31:47,067 [INFO] UserAuth:118 - Init User Auth plugin
2025-06-05 15:31:47,070 [INFO] PluginManage:359 - Loaded plugin userauth (category:base,tabindex:14)
2025-06-05 15:31:47,071 [INFO] PluginManage:283 - PluginManage : Loaded plugins [18]
2025-06-05 15:31:47,487 [INFO] PinOutPanel:1589 - setPackage(No Configuration,No Configuration)
2025-06-05 15:31:47,655 [INFO] CADModel:165 - CPN selected for project level
2025-06-05 15:31:47,655 [INFO] CADModel:114 - Register for checkConnection events
2025-06-05 15:31:47,683 [INFO] IPUIPlugin:80 - create IPUIPlugin
2025-06-05 15:31:47,684 [INFO] PluginManager:220 - loadIPPluginJar : add adc
2025-06-05 15:31:47,689 [INFO] IPUIPlugin:80 - create IPUIPlugin
2025-06-05 15:31:47,689 [INFO] PluginManager:220 - loadIPPluginJar : add aes
2025-06-05 15:31:47,695 [INFO] IPUIPlugin:80 - create IPUIPlugin
2025-06-05 15:31:47,695 [INFO] PluginManager:220 - loadIPPluginJar : add can
2025-06-05 15:31:47,699 [INFO] IPUIPlugin:80 - create IPUIPlugin
2025-06-05 15:31:47,700 [INFO] PluginManager:220 - loadIPPluginJar : add comp
2025-06-05 15:31:47,704 [INFO] IPUIPlugin:80 - create IPUIPlugin
2025-06-05 15:31:47,705 [INFO] PluginManager:220 - loadIPPluginJar : add cryp
2025-06-05 15:31:47,710 [INFO] IPUIPlugin:80 - create IPUIPlugin
2025-06-05 15:31:47,710 [INFO] PluginManager:220 - loadIPPluginJar : add ddr_ctrl_phy
2025-06-05 15:31:47,714 [INFO] IPUIPlugin:80 - create IPUIPlugin
2025-06-05 15:31:47,715 [INFO] PluginManager:220 - loadIPPluginJar : add dfsdm
2025-06-05 15:31:47,724 [INFO] IPUIPlugin:80 - create IPUIPlugin
2025-06-05 15:31:47,725 [INFO] PluginManager:220 - loadIPPluginJar : add dma
2025-06-05 15:31:47,730 [INFO] IPUIPlugin:80 - create IPUIPlugin
2025-06-05 15:31:47,731 [INFO] PluginManager:220 - loadIPPluginJar : add dma3
2025-06-05 15:31:47,735 [INFO] IPUIPlugin:80 - create IPUIPlugin
2025-06-05 15:31:47,737 [INFO] PluginManager:220 - loadIPPluginJar : add extmemmanager
2025-06-05 15:31:47,740 [INFO] IPUIPlugin:80 - create IPUIPlugin
2025-06-05 15:31:47,740 [INFO] PluginManager:220 - loadIPPluginJar : add fatfs
2025-06-05 15:31:47,748 [INFO] IPUIPlugin:80 - create IPUIPlugin
2025-06-05 15:31:47,749 [INFO] PluginManager:220 - loadIPPluginJar : add fmc
2025-06-05 15:31:47,757 [INFO] IPUIPlugin:80 - create IPUIPlugin
2025-06-05 15:31:47,758 [INFO] PluginManager:220 - loadIPPluginJar : add freertos
2025-06-05 15:31:47,761 [INFO] IPUIPlugin:80 - create IPUIPlugin
2025-06-05 15:31:47,761 [INFO] PluginManager:220 - loadIPPluginJar : add genericplugin
2025-06-05 15:31:47,765 [INFO] IPUIPlugin:80 - create IPUIPlugin
2025-06-05 15:31:47,766 [INFO] PluginManager:220 - loadIPPluginJar : add gfxmmu
2025-06-05 15:31:47,772 [INFO] IPUIPlugin:80 - create IPUIPlugin
2025-06-05 15:31:47,773 [INFO] PluginManager:220 - loadIPPluginJar : add gic
2025-06-05 15:31:47,779 [INFO] IPUIPlugin:80 - create IPUIPlugin
2025-06-05 15:31:47,780 [INFO] PluginManager:220 - loadIPPluginJar : add gpio
2025-06-05 15:31:47,784 [INFO] IPUIPlugin:80 - create IPUIPlugin
2025-06-05 15:31:47,784 [INFO] PluginManager:220 - loadIPPluginJar : add gtzc
2025-06-05 15:31:47,788 [INFO] IPUIPlugin:80 - create IPUIPlugin
2025-06-05 15:31:47,789 [INFO] PluginManager:220 - loadIPPluginJar : add hash
2025-06-05 15:31:47,793 [INFO] IPUIPlugin:80 - create IPUIPlugin
2025-06-05 15:31:47,793 [INFO] PluginManager:220 - loadIPPluginJar : add i2c
2025-06-05 15:31:47,797 [INFO] IPUIPlugin:80 - create IPUIPlugin
2025-06-05 15:31:47,798 [INFO] PluginManager:220 - loadIPPluginJar : add i2s
2025-06-05 15:31:47,804 [INFO] IPUIPlugin:80 - create IPUIPlugin
2025-06-05 15:31:47,804 [INFO] PluginManager:220 - loadIPPluginJar : add i3c
2025-06-05 15:31:47,809 [INFO] IPUIPlugin:80 - create IPUIPlugin
2025-06-05 15:31:47,809 [INFO] PluginManager:220 - loadIPPluginJar : add ipddr
2025-06-05 15:31:47,818 [INFO] IPUIPlugin:80 - create IPUIPlugin
2025-06-05 15:31:47,819 [INFO] PluginManager:220 - loadIPPluginJar : add linkedlist
2025-06-05 15:31:47,824 [INFO] IPUIPlugin:80 - create IPUIPlugin
2025-06-05 15:31:47,824 [INFO] PluginManager:220 - loadIPPluginJar : add lorawan
2025-06-05 15:31:47,827 [INFO] IPUIPlugin:80 - create IPUIPlugin
2025-06-05 15:31:47,828 [INFO] PluginManager:220 - loadIPPluginJar : add ltdc
2025-06-05 15:31:47,834 [INFO] IPUIPlugin:80 - create IPUIPlugin
2025-06-05 15:31:47,835 [INFO] PluginManager:220 - loadIPPluginJar : add mdma
2025-06-05 15:31:47,841 [INFO] IPUIPlugin:80 - create IPUIPlugin
2025-06-05 15:31:47,841 [INFO] PluginManager:220 - loadIPPluginJar : add nvic
2025-06-05 15:31:47,845 [INFO] IPUIPlugin:80 - create IPUIPlugin
2025-06-05 15:31:47,846 [INFO] PluginManager:220 - loadIPPluginJar : add opamp
2025-06-05 15:31:47,852 [INFO] IPUIPlugin:80 - create IPUIPlugin
2025-06-05 15:31:47,852 [INFO] PluginManager:220 - loadIPPluginJar : add openamp
2025-06-05 15:31:47,858 [INFO] IPUIPlugin:80 - create IPUIPlugin
2025-06-05 15:31:47,858 [INFO] PluginManager:220 - loadIPPluginJar : add pdm2pcm
2025-06-05 15:31:47,864 [INFO] IPUIPlugin:80 - create IPUIPlugin
2025-06-05 15:31:47,867 [INFO] PluginManager:220 - loadIPPluginJar : add plateformsettings
2025-06-05 15:31:47,869 [INFO] IPUIPlugin:80 - create IPUIPlugin
2025-06-05 15:31:47,870 [INFO] PluginManager:220 - loadIPPluginJar : add quadspi
2025-06-05 15:31:47,872 [INFO] IPUIPlugin:80 - create IPUIPlugin
2025-06-05 15:31:47,872 [INFO] PluginManager:220 - loadIPPluginJar : add radio
2025-06-05 15:31:47,876 [INFO] IPUIPlugin:80 - create IPUIPlugin
2025-06-05 15:31:47,876 [INFO] PluginManager:220 - loadIPPluginJar : add resmgrutility
2025-06-05 15:31:47,881 [INFO] IPUIPlugin:80 - create IPUIPlugin
2025-06-05 15:31:47,881 [INFO] PluginManager:220 - loadIPPluginJar : add sai
2025-06-05 15:31:47,884 [INFO] IPUIPlugin:80 - create IPUIPlugin
2025-06-05 15:31:47,884 [INFO] PluginManager:220 - loadIPPluginJar : add spi
2025-06-05 15:31:47,891 [INFO] IPUIPlugin:80 - create IPUIPlugin
2025-06-05 15:31:47,891 [INFO] PluginManager:220 - loadIPPluginJar : add stm32_wpan
2025-06-05 15:31:47,894 [INFO] IPUIPlugin:80 - create IPUIPlugin
2025-06-05 15:31:47,894 [INFO] PluginManager:220 - loadIPPluginJar : add tim
2025-06-05 15:31:47,899 [INFO] IPUIPlugin:80 - create IPUIPlugin
2025-06-05 15:31:47,899 [INFO] PluginManager:220 - loadIPPluginJar : add touchsensing
2025-06-05 15:31:47,903 [INFO] IPUIPlugin:80 - create IPUIPlugin
2025-06-05 15:31:47,903 [INFO] PluginManager:220 - loadIPPluginJar : add tracer_emb
2025-06-05 15:31:47,905 [INFO] IPUIPlugin:80 - create IPUIPlugin
2025-06-05 15:31:47,905 [INFO] PluginManager:220 - loadIPPluginJar : add ts
2025-06-05 15:31:47,907 [INFO] IPUIPlugin:80 - create IPUIPlugin
2025-06-05 15:31:47,908 [INFO] PluginManager:220 - loadIPPluginJar : add tsc
2025-06-05 15:31:47,909 [INFO] IPUIPlugin:80 - create IPUIPlugin
2025-06-05 15:31:47,910 [INFO] PluginManager:220 - loadIPPluginJar : add ucpd
2025-06-05 15:31:47,912 [INFO] IPUIPlugin:80 - create IPUIPlugin
2025-06-05 15:31:47,912 [INFO] PluginManager:220 - loadIPPluginJar : add usart
2025-06-05 15:31:47,916 [INFO] IPUIPlugin:80 - create IPUIPlugin
2025-06-05 15:31:47,916 [INFO] PluginManager:220 - loadIPPluginJar : add usbx
2025-06-05 15:31:48,066 [FATAL] Updater:351 - Updater called before beeing initialized
